{"timestamp":"2025-07-17T20:14:00.067Z","type":"REQUEST_RECEIVED","reference":"DATA-1752783240031-2219","data":{"userId":"66e703793864c375cb378731","phoneNumber":"0597760914","network":"mtn","dataAmount":"1000","price":6,"reference":"DATA-1752783240031-2219","dataAmountType":"string","priceType":"number"}}
{"timestamp":"2025-07-17T20:14:00.326Z","type":"USER_NOT_FOUND","reference":"DATA-1752783240031-2219","data":{"userId":"66e703793864c375cb378731"}}
{"timestamp":"2025-07-17T21:08:30.482Z","type":"REQUEST_RECEIVED","reference":"DATA-1752786510485-5424","data":{"userId":"687960c40cfba4fa7240660b","phoneNumber":"0597760914","network":"mtn","dataAmount":"1000","price":6,"reference":"DATA-1752786510485-5424","dataAmountType":"string","priceType":"number"}}
{"timestamp":"2025-07-17T21:08:30.717Z","type":"WALLET_BEFORE_DEDUCTION","reference":"DATA-1752786510485-5424","data":{"userId":"687960c40cfba4fa7240660b","walletBalanceBefore":10}}
{"timestamp":"2025-07-17T21:08:30.921Z","type":"WALLET_AFTER_DEDUCTION","reference":"DATA-1752786510485-5424","data":{"userId":"687960c40cfba4fa7240660b","walletBalanceAfter":4}}
{"timestamp":"2025-07-17T21:08:31.127Z","type":"ORDER_CREATED","reference":"DATA-1752786510485-5424","data":{"orderId":"6879664edb9994a37471b790","orderDetails":{"userId":"687960c40cfba4fa7240660b","phoneNumber":"0597760914","network":"mtn","dataAmount":"1000","price":6,"status":"pending"}}}
{"timestamp":"2025-07-17T21:08:31.435Z","type":"ORDER_STATUS_UPDATED","reference":"DATA-1752786510485-5424","data":{"orderId":"6879664edb9994a37471b790","newStatus":"processing"}}
{"timestamp":"2025-07-17T21:08:31.435Z","type":"DATAMART_API_REQUEST","reference":"DATA-1752786510485-5424","data":{"url":"/api/developer/purchase","payload":{"phoneNumber":"0597760914","network":"YELLO","capacity":"1000","gateway":"wallet","ref":"DATA-1752786510485-5424"}}}
{"timestamp":"2025-07-17T21:08:32.776Z","type":"DATAMART_API_ERROR","reference":"DATA-1752786510485-5424","data":{"message":"Request failed with status code 500","response":{"status":"error","message":"Could not complete your purchase. Please try again later."},"status":500}}
{"timestamp":"2025-07-17T21:08:32.970Z","type":"WALLET_REFUNDED","reference":"DATA-1752786510485-5424","data":{"userId":"687960c40cfba4fa7240660b","refundAmount":6,"newBalance":10}}
{"timestamp":"2025-07-17T21:08:33.176Z","type":"ORDER_FAILED","reference":"DATA-1752786510485-5424","data":{"orderId":"6879664edb9994a37471b790","failureReason":"Could not complete your purchase. Please try again later."}}
{"timestamp":"2025-07-17T21:09:11.289Z","type":"REQUEST_RECEIVED","reference":"DATA-1752786551292-7433","data":{"userId":"687960c40cfba4fa7240660b","phoneNumber":"0597760914","network":"mtn","dataAmount":"1000","price":6,"reference":"DATA-1752786551292-7433","dataAmountType":"string","priceType":"number"}}
{"timestamp":"2025-07-17T21:09:11.474Z","type":"WALLET_BEFORE_DEDUCTION","reference":"DATA-1752786551292-7433","data":{"userId":"687960c40cfba4fa7240660b","walletBalanceBefore":10}}
{"timestamp":"2025-07-17T21:09:11.679Z","type":"WALLET_AFTER_DEDUCTION","reference":"DATA-1752786551292-7433","data":{"userId":"687960c40cfba4fa7240660b","walletBalanceAfter":4}}
{"timestamp":"2025-07-17T21:09:11.884Z","type":"ORDER_CREATED","reference":"DATA-1752786551292-7433","data":{"orderId":"68796677db9994a37471b797","orderDetails":{"userId":"687960c40cfba4fa7240660b","phoneNumber":"0597760914","network":"mtn","dataAmount":"1000","price":6,"status":"pending"}}}
{"timestamp":"2025-07-17T21:09:12.088Z","type":"ORDER_STATUS_UPDATED","reference":"DATA-1752786551292-7433","data":{"orderId":"68796677db9994a37471b797","newStatus":"processing"}}
{"timestamp":"2025-07-17T21:09:12.088Z","type":"DATAMART_API_REQUEST","reference":"DATA-1752786551292-7433","data":{"url":"/api/developer/purchase","payload":{"phoneNumber":"0597760914","network":"YELLO","capacity":"1000","gateway":"wallet","ref":"DATA-1752786551292-7433"}}}
{"timestamp":"2025-07-17T21:09:13.318Z","type":"DATAMART_API_ERROR","reference":"DATA-1752786551292-7433","data":{"message":"Request failed with status code 500","response":{"status":"error","message":"Could not complete your purchase. Please try again later."},"status":500}}
{"timestamp":"2025-07-17T21:09:13.624Z","type":"WALLET_REFUNDED","reference":"DATA-1752786551292-7433","data":{"userId":"687960c40cfba4fa7240660b","refundAmount":6,"newBalance":10}}
{"timestamp":"2025-07-17T21:09:13.830Z","type":"ORDER_FAILED","reference":"DATA-1752786551292-7433","data":{"orderId":"68796677db9994a37471b797","failureReason":"Could not complete your purchase. Please try again later."}}
{"timestamp":"2025-07-17T21:09:49.699Z","type":"REQUEST_RECEIVED","reference":"DATA-1752786589678-1094","data":{"userId":"687960c40cfba4fa7240660b","phoneNumber":"0597760914","network":"mtn","dataAmount":"1000","price":6,"reference":"DATA-1752786589678-1094","dataAmountType":"string","priceType":"number"}}
{"timestamp":"2025-07-17T21:09:49.977Z","type":"WALLET_BEFORE_DEDUCTION","reference":"DATA-1752786589678-1094","data":{"userId":"687960c40cfba4fa7240660b","walletBalanceBefore":10}}
{"timestamp":"2025-07-17T21:09:50.182Z","type":"WALLET_AFTER_DEDUCTION","reference":"DATA-1752786589678-1094","data":{"userId":"687960c40cfba4fa7240660b","walletBalanceAfter":4}}
{"timestamp":"2025-07-17T21:09:50.489Z","type":"ORDER_CREATED","reference":"DATA-1752786589678-1094","data":{"orderId":"6879669e56bb62a40466cdf9","orderDetails":{"userId":"687960c40cfba4fa7240660b","phoneNumber":"0597760914","network":"mtn","dataAmount":"1000","price":6,"status":"pending"}}}
{"timestamp":"2025-07-17T21:09:50.795Z","type":"ORDER_STATUS_UPDATED","reference":"DATA-1752786589678-1094","data":{"orderId":"6879669e56bb62a40466cdf9","newStatus":"processing"}}
{"timestamp":"2025-07-17T21:09:50.796Z","type":"DATAMART_API_REQUEST","reference":"DATA-1752786589678-1094","data":{"url":"/api/developer/purchase","payload":{"phoneNumber":"0597760914","network":"YELLO","capacity":"1000","gateway":"wallet","ref":"DATA-1752786589678-1094"}}}
{"timestamp":"2025-07-17T21:09:52.749Z","type":"DATAMART_API_ERROR","reference":"DATA-1752786589678-1094","data":{"message":"Request failed with status code 500","response":{"status":"error","message":"Could not complete your purchase. Please try again later."},"status":500}}
{"timestamp":"2025-07-17T21:09:52.946Z","type":"WALLET_REFUNDED","reference":"DATA-1752786589678-1094","data":{"userId":"687960c40cfba4fa7240660b","refundAmount":6,"newBalance":10}}
{"timestamp":"2025-07-17T21:09:53.151Z","type":"ORDER_FAILED","reference":"DATA-1752786589678-1094","data":{"orderId":"6879669e56bb62a40466cdf9","failureReason":"Could not complete your purchase. Please try again later."}}
{"timestamp":"2025-07-17T21:14:54.628Z","type":"REQUEST_RECEIVED","reference":"DATA-1752786894620-1724","data":{"userId":"687960c40cfba4fa7240660b","phoneNumber":"0597760914","network":"mtn","dataAmount":1,"price":6,"reference":"DATA-1752786894620-1724","dataAmountType":"number","priceType":"number"}}
{"timestamp":"2025-07-17T21:14:54.824Z","type":"WALLET_BEFORE_DEDUCTION","reference":"DATA-1752786894620-1724","data":{"userId":"687960c40cfba4fa7240660b","walletBalanceBefore":10}}
{"timestamp":"2025-07-17T21:14:55.029Z","type":"WALLET_AFTER_DEDUCTION","reference":"DATA-1752786894620-1724","data":{"userId":"687960c40cfba4fa7240660b","walletBalanceAfter":4}}
{"timestamp":"2025-07-17T21:14:55.336Z","type":"ORDER_CREATED","reference":"DATA-1752786894620-1724","data":{"orderId":"687967cf56bb62a40466ce00","orderDetails":{"userId":"687960c40cfba4fa7240660b","phoneNumber":"0597760914","network":"mtn","dataAmount":1,"price":6,"status":"pending"}}}
{"timestamp":"2025-07-17T21:14:55.642Z","type":"ORDER_STATUS_UPDATED","reference":"DATA-1752786894620-1724","data":{"orderId":"687967cf56bb62a40466ce00","newStatus":"processing"}}
{"timestamp":"2025-07-17T21:14:55.643Z","type":"DATAMART_API_REQUEST","reference":"DATA-1752786894620-1724","data":{"url":"/api/developer/purchase","payload":{"phoneNumber":"0597760914","network":"YELLO","capacity":"1","gateway":"wallet","ref":"DATA-1752786894620-1724"}}}
{"timestamp":"2025-07-17T21:14:58.006Z","type":"DATAMART_API_RESPONSE","reference":"DATA-1752786894620-1724","data":{"status":201,"statusText":"Created","data":{"status":"success","message":"Order placed successfully and is pending processing","data":{"purchaseId":"687967d188278f8485400897","transactionReference":"TRX-7ee4ea33-80ed-4fd6-b058-a550247cb76b","orderReference":"DATA-1752786894620-1724","network":"YELLO","capacity":"1","mb":"1000","price":4.5,"remainingBalance":3059.3599999990956,"orderStatus":"pending","skipGeonettech":true}}}}
{"timestamp":"2025-07-17T21:14:58.203Z","type":"ORDER_COMPLETED","reference":"DATA-1752786894620-1724","data":{"orderId":"687967cf56bb62a40466ce00","purchaseId":"687967d188278f8485400897"}}
{"timestamp":"2025-07-17T22:01:44.237Z","type":"REQUEST_RECEIVED","reference":"DATA-1752789704222-5458","data":{"userId":"687960c40cfba4fa7240660b","phoneNumber":"0550447846","network":"mtn","dataAmount":1,"price":3,"reference":"DATA-1752789704222-5458","dataAmountType":"number","priceType":"number"}}
{"timestamp":"2025-07-17T22:01:44.384Z","type":"WALLET_BEFORE_DEDUCTION","reference":"DATA-1752789704222-5458","data":{"userId":"687960c40cfba4fa7240660b","walletBalanceBefore":4}}
{"timestamp":"2025-07-17T22:01:44.547Z","type":"WALLET_AFTER_DEDUCTION","reference":"DATA-1752789704222-5458","data":{"userId":"687960c40cfba4fa7240660b","walletBalanceAfter":1}}
{"timestamp":"2025-07-17T22:01:44.704Z","type":"ORDER_CREATED","reference":"DATA-1752789704222-5458","data":{"orderId":"687972c84e64123915ec5780","orderDetails":{"userId":"687960c40cfba4fa7240660b","phoneNumber":"0550447846","network":"mtn","dataAmount":1,"price":3,"status":"pending"}}}
{"timestamp":"2025-07-17T22:01:44.861Z","type":"ORDER_STATUS_UPDATED","reference":"DATA-1752789704222-5458","data":{"orderId":"687972c84e64123915ec5780","newStatus":"processing"}}
{"timestamp":"2025-07-17T22:01:44.862Z","type":"DATAMART_API_REQUEST","reference":"DATA-1752789704222-5458","data":{"url":"/api/developer/purchase","payload":{"phoneNumber":"0550447846","network":"YELLO","capacity":"1","gateway":"wallet","ref":"DATA-1752789704222-5458"}}}
{"timestamp":"2025-07-17T22:01:47.053Z","type":"DATAMART_API_RESPONSE","reference":"DATA-1752789704222-5458","data":{"status":201,"statusText":"Created","data":{"status":"success","message":"Order placed successfully and is pending processing","data":{"purchaseId":"687972ca88278f8485401321","transactionReference":"TRX-c1d7307e-ece5-4ac9-a5a0-5e97bab4f8d4","orderReference":"DATA-1752789704222-5458","network":"YELLO","capacity":"1","mb":"1000","price":4.5,"remainingBalance":3.6999999999999886,"orderStatus":"pending","skipGeonettech":true}}}}
{"timestamp":"2025-07-17T22:01:47.238Z","type":"ORDER_COMPLETED","reference":"DATA-1752789704222-5458","data":{"orderId":"687972c84e64123915ec5780","purchaseId":"687972ca88278f8485401321"}}
