{"timestamp":"2025-08-18T23:00:09.318Z","type":"REQUEST_RECEIVED","reference":"DATA-1755558009300-3516","data":{"userId":"687960c40cfba4fa7240660b","phoneNumber":"0274589854","network":"AT_PREMIUM","dataAmount":1,"price":3.95,"reference":"DATA-1755558009300-3516","dataAmountType":"number","priceType":"number"}}
{"timestamp":"2025-08-18T23:00:09.477Z","type":"USER_NOT_FOUND","reference":"DATA-1755558009300-3516","data":{"userId":"687960c40cfba4fa7240660b"}}
{"timestamp":"2025-08-18T23:01:17.801Z","type":"REQUEST_RECEIVED","reference":"DATA-1755558077797-5515","data":{"userId":"68a2d22de231b7ba702cea88","phoneNumber":"0278495789","network":"AT_PREMIUM","dataAmount":1,"price":3.95,"reference":"DATA-1755558077797-5515","dataAmountType":"number","priceType":"number"}}
{"timestamp":"2025-08-18T23:01:17.989Z","type":"PROFIT_CALCULATED","reference":"DATA-1755558077797-5515","data":{"network":"AT_PREMIUM","dataAmount":1,"price":3.95,"providerCost":3.3575,"profit":0.5925,"profitMargin":15}}
{"timestamp":"2025-08-18T23:01:17.989Z","type":"WALLET_BEFORE_DEDUCTION","reference":"DATA-1755558077797-5515","data":{"userId":"68a2d22de231b7ba702cea88","walletBalanceBefore":25.3}}
{"timestamp":"2025-08-18T23:01:18.182Z","type":"WALLET_AFTER_DEDUCTION","reference":"DATA-1755558077797-5515","data":{"userId":"68a2d22de231b7ba702cea88","walletBalanceAfter":21.35}}
{"timestamp":"2025-08-18T23:01:18.356Z","type":"ORDER_CREATED_WITH_PROFIT","reference":"DATA-1755558077797-5515","data":{"orderId":"68a3b0bebb9ce838cf11aa30","orderDetails":{"userId":"68a2d22de231b7ba702cea88","phoneNumber":"0278495789","network":"AT_PREMIUM","dataAmount":1,"price":3.95,"profit":0.5925,"profitMargin":15,"status":"pending"}}}
{"timestamp":"2025-08-18T23:01:18.538Z","type":"ORDER_STATUS_UPDATED","reference":"DATA-1755558077797-5515","data":{"orderId":"68a3b0bebb9ce838cf11aa30","newStatus":"processing"}}
{"timestamp":"2025-08-18T23:01:18.538Z","type":"DATAMART_API_REQUEST","reference":"DATA-1755558077797-5515","data":{"url":"/api/developer/purchase","payload":{"phoneNumber":"0278495789","network":"at_premium","capacity":"1","gateway":"wallet","ref":"DATA-1755558077797-5515"}}}
{"timestamp":"2025-08-18T23:01:19.428Z","type":"DATAMART_API_ERROR","reference":"DATA-1755558077797-5515","data":{"message":"Request failed with status code 400","response":{"status":"error","message":"Unsupported network"},"status":400}}
{"timestamp":"2025-08-18T23:01:19.599Z","type":"WALLET_REFUNDED","reference":"DATA-1755558077797-5515","data":{"userId":"68a2d22de231b7ba702cea88","refundAmount":3.95,"newBalance":25.3}}
{"timestamp":"2025-08-18T23:01:19.760Z","type":"ORDER_FAILED","reference":"DATA-1755558077797-5515","data":{"orderId":"68a3b0bebb9ce838cf11aa30","failureReason":"Unsupported network"}}
{"timestamp":"2025-08-18T23:05:54.827Z","type":"REQUEST_RECEIVED","reference":"DATA-1755558354812-4249","data":{"userId":"68a2d22de231b7ba702cea88","phoneNumber":"0274578902","network":"AT_PREMIUM","dataAmount":1,"price":3.95,"reference":"DATA-1755558354812-4249","dataAmountType":"number","priceType":"number"}}
{"timestamp":"2025-08-18T23:05:54.984Z","type":"PROFIT_CALCULATED","reference":"DATA-1755558354812-4249","data":{"network":"AT_PREMIUM","dataAmount":1,"price":3.95,"providerCost":3.3575,"profit":0.5925,"profitMargin":15}}
{"timestamp":"2025-08-18T23:05:54.985Z","type":"WALLET_BEFORE_DEDUCTION","reference":"DATA-1755558354812-4249","data":{"userId":"68a2d22de231b7ba702cea88","walletBalanceBefore":25.3}}
{"timestamp":"2025-08-18T23:05:55.238Z","type":"WALLET_AFTER_DEDUCTION","reference":"DATA-1755558354812-4249","data":{"userId":"68a2d22de231b7ba702cea88","walletBalanceAfter":21.35}}
{"timestamp":"2025-08-18T23:05:55.412Z","type":"ORDER_CREATED_WITH_PROFIT","reference":"DATA-1755558354812-4249","data":{"orderId":"68a3b1d354844182a9e50761","orderDetails":{"userId":"68a2d22de231b7ba702cea88","phoneNumber":"0274578902","network":"AT_PREMIUM","dataAmount":1,"price":3.95,"profit":0.5925,"profitMargin":15,"status":"pending"}}}
{"timestamp":"2025-08-18T23:05:55.586Z","type":"ORDER_STATUS_UPDATED","reference":"DATA-1755558354812-4249","data":{"orderId":"68a3b1d354844182a9e50761","newStatus":"processing"}}
{"timestamp":"2025-08-18T23:05:55.586Z","type":"DATAMART_API_REQUEST","reference":"DATA-1755558354812-4249","data":{"url":"/api/developer/purchase","payload":{"phoneNumber":"0274578902","network":"AT_PREMIUM","capacity":"1","gateway":"wallet","ref":"DATA-1755558354812-4249"}}}
{"timestamp":"2025-08-18T23:06:01.566Z","type":"DATAMART_API_RESPONSE","reference":"DATA-1755558354812-4249","data":{"status":201,"statusText":"Created","data":{"status":"success","message":"Data bundle purchased successfully","data":{"purchaseId":"68a3b1d835f3c735916014a3","transactionReference":"TRX-f36cb2a1-ca19-415d-b22b-8aa10d83706c","orderReference":"DATA-1755558354812-4249","network":"AT_PREMIUM","capacity":"1","mb":"1000","price":3.95,"balanceBefore":4999.5,"balanceAfter":4995.55,"remainingBalance":4995.55,"orderStatus":"completed","processingMethod":"geonettech_api","orderPrefix":"ATP-","usedGeonettech":true,"usedTelecelAPI":false,"isATPremium":true,"apiResponse":{"status":"success","message":"Order processed successfully","data":{"orderId":1111709,"ref":"DATA-1755558354812-4249","recipient":"0274578902","status":"pending","wallet_balance":"10872.75"}}}}}}
{"timestamp":"2025-08-18T23:06:01.955Z","type":"ORDER_COMPLETED_WITH_PROFIT","reference":"DATA-1755558354812-4249","data":{"orderId":"68a3b1d354844182a9e50761","purchaseId":"68a3b1d835f3c735916014a3","profit":0.5925,"analyticsUpdated":true}}
