{"timestamp":"2025-03-09T12:54:18.964Z","type":"REQUEST_RECEIVED","reference":"DATA-1741524858765-8275","data":{"userId":"67cd881d49a83628fb0c06e9","phoneNumber":"0267781294","network":"at","dataAmount":1,"price":9.5,"reference":"DATA-1741524858765-8275"}}
{"timestamp":"2025-03-09T12:55:33.281Z","type":"REQUEST_RECEIVED","reference":"DATA-1741524933258-8940","data":{"userId":"67cd881d49a83628fb0c06e9","phoneNumber":"0597760914","network":"mtn","dataAmount":2,"price":10,"reference":"DATA-1741524933258-8940"}}
{"timestamp":"2025-03-09T13:09:22.283Z","type":"REQUEST_RECEIVED","reference":"DATA-1741525762208-2212","data":{"userId":"67cd881d49a83628fb0c06e9","phoneNumber":"0597760914","network":"mtn","dataAmount":2,"price":10,"reference":"DATA-1741525762208-2212"}}
{"timestamp":"2025-03-09T16:05:42.549Z","type":"REQUEST_RECEIVED","reference":"DATA-1741536342536-147","data":{"userId":"67cd881d49a83628fb0c06e9","phoneNumber":"0267781294","network":"at","dataAmount":1,"price":9.5,"reference":"DATA-1741536342536-147"}}
{"timestamp":"2025-03-09T16:06:37.814Z","type":"REQUEST_RECEIVED","reference":"DATA-1741536397792-6508","data":{"userId":"67cd881d49a83628fb0c06e9","phoneNumber":"0267781294","network":"at","dataAmount":1,"price":1,"reference":"DATA-1741536397792-6508"}}
{"timestamp":"2025-03-09T16:10:24.513Z","type":"REQUEST_RECEIVED","reference":"DATA-1741536624496-9602","data":{"userId":"67cd881d49a83628fb0c06e9","phoneNumber":"0597760914","network":"mtn","dataAmount":1,"price":1,"reference":"DATA-1741536624496-9602"}}
{"timestamp":"2025-03-09T16:13:44.129Z","type":"REQUEST_RECEIVED","reference":"DATA-1741536824113-2995","data":{"userId":"67cd881d49a83628fb0c06e9","phoneNumber":"0597760914","network":"mtn","dataAmount":1,"price":1,"reference":"DATA-1741536824113-2995"}}
{"timestamp":"2025-03-09T16:13:44.723Z","type":"ORDER_CREATED","reference":"DATA-1741536824113-2995","data":{"orderId":"67cdbe38c7b155b811877acd"}}
{"timestamp":"2025-03-09T16:14:27.680Z","type":"REQUEST_RECEIVED","reference":"DATA-1741536867655-1182","data":{"userId":"67cd881d49a83628fb0c06e9","phoneNumber":"0267781294","network":"at","dataAmount":1,"price":1,"reference":"DATA-1741536867655-1182"}}
{"timestamp":"2025-03-09T16:19:26.448Z","type":"REQUEST_RECEIVED","reference":"DATA-1741537166432-5","data":{"userId":"67cd881d49a83628fb0c06e9","phoneNumber":"0267781294","network":"at","dataAmount":1024,"price":1,"reference":"DATA-1741537166432-5"}}
{"timestamp":"2025-03-09T16:21:04.824Z","type":"REQUEST_RECEIVED","reference":"DATA-1741537264800-18","data":{"userId":"67cd881d49a83628fb0c06e9","phoneNumber":"0267781294","network":"at","dataAmount":1000,"price":1,"reference":"DATA-1741537264800-18"}}
{"timestamp":"2025-03-09T16:22:59.335Z","type":"REQUEST_RECEIVED","reference":"DATA-80","data":{"userId":"67cd881d49a83628fb0c06e9","phoneNumber":"0267781294","network":"at","dataAmount":1000,"price":1,"reference":"DATA-80"}}
{"timestamp":"2025-03-09T16:25:27.354Z","type":"REQUEST_RECEIVED","reference":"DATA-37","data":{"userId":"67cd881d49a83628fb0c06e9","phoneNumber":"0267781294","network":"at","dataAmount":1000,"price":1,"reference":"DATA-37"}}
{"timestamp":"2025-03-09T16:25:28.012Z","type":"ORDER_CREATED","reference":"DATA-37","data":{"orderId":"67cdc0f77981b2fd7fa7cbd7"}}
{"timestamp":"2025-03-09T16:36:12.932Z","type":"REQUEST_RECEIVED","reference":"DATA-999","data":{"userId":"67cd881d49a83628fb0c06e9","phoneNumber":"0267781294","network":"at","dataAmount":1000,"price":1,"reference":"DATA-999"}}
{"timestamp":"2025-03-09T16:38:50.148Z","type":"REQUEST_RECEIVED","reference":"DATA-661","data":{"userId":"67cd881d49a83628fb0c06e9","phoneNumber":"0267781294","network":"at","dataAmount":1000,"price":1,"reference":"DATA-661"}}
{"timestamp":"2025-03-09T16:38:52.249Z","type":"ORDER_CREATED","reference":"DATA-661","data":{"orderId":"67cdc41b7981b2fd7fa7cbdf"}}
{"timestamp":"2025-03-09T16:44:40.448Z","type":"REQUEST_RECEIVED","reference":"DATA-514","data":{"userId":"67cd881d49a83628fb0c06e9","phoneNumber":"0264778129","network":"at","dataAmount":1,"price":1,"reference":"DATA-514"}}
{"timestamp":"2025-03-09T16:44:41.087Z","type":"ORDER_CREATED","reference":"DATA-514","data":{"orderId":"67cdc5787981b2fd7fa7cbe6"}}
{"timestamp":"2025-03-09T17:03:09.100Z","type":"USER_ORDERS_REQUEST","reference":"N/A","data":{"userId":"67cd881d49a83628fb0c06e9"}}
{"timestamp":"2025-03-09T17:03:09.547Z","type":"USER_ORDERS_RESPONSE","reference":"N/A","data":{"userId":"67cd881d49a83628fb0c06e9","orderCount":4}}
